[2020-03-03 14:08:27.105] [jointLog] [info] Fragment incompatibility prior below threshold.  Incompatible fragments will be ignored.
[2020-03-03 14:08:27.105] [jointLog] [info] Usage of --validateMappings implies use of minScoreFraction. Since not explicitly specified, it is being set to 0.65
[2020-03-03 14:08:27.105] [jointLog] [info] Usage of --validateMappings implies a default consensus slack of 0.2. Setting consensusSlack to 0.35.
[2020-03-03 14:08:27.105] [jointLog] [info] parsing read library format
[2020-03-03 14:08:27.105] [jointLog] [info] There is 1 library.
[2020-03-03 14:08:27.295] [jointLog] [info] Loading pufferfish index
[2020-03-03 14:08:27.296] [jointLog] [info] Loading dense pufferfish index.
[2020-03-03 14:08:28.131] [jointLog] [info] done
[2020-03-03 14:08:28.131] [jointLog] [info] Index contained 66,360 targets
[2020-03-03 14:08:28.907] [jointLog] [info] Number of decoys : 0
[2020-03-03 14:08:31.381] [jointLog] [info] Computed 33,528 rich equivalence classes for further processing
[2020-03-03 14:08:31.381] [jointLog] [info] Counted 67,828 total reads in the equivalence classes 
[2020-03-03 14:08:31.394] [jointLog] [info] Number of mappings discarded because of alignment score : 45,653
[2020-03-03 14:08:31.394] [jointLog] [info] Number of fragments entirely discarded because of alignment score : 18,260
[2020-03-03 14:08:31.394] [jointLog] [info] Number of fragments discarded because they are best-mapped to decoys : 0
[2020-03-03 14:08:31.394] [jointLog] [info] Number of fragments discarded because they have only dovetail (discordant) mappings to valid targets : 0
[2020-03-03 14:08:31.407] [jointLog] [warning] Only 67828 fragments were mapped, but the number of burn-in fragments was set to 5000000.
The effective lengths have been computed using the observed mappings.

[2020-03-03 14:08:31.407] [jointLog] [info] Mapping rate = 73.2761%

[2020-03-03 14:08:31.407] [jointLog] [info] finished quantifyLibrary()
[2020-03-03 14:08:31.407] [jointLog] [info] Starting optimizer
[2020-03-03 14:08:31.460] [jointLog] [info] Marked 0 weighted equivalence classes as degenerate
[2020-03-03 14:08:31.469] [jointLog] [info] iteration = 0 | max rel diff. = 100.773
[2020-03-03 14:08:31.559] [jointLog] [info] iteration 11, adjusting effective lengths to account for biases
[2020-03-03 14:08:31.382] [fileLog] [info] 
At end of round 0
==================
Observed 92565 total fragments (92565 in most recent round)

[2020-03-03 14:08:34.603] [jointLog] [info] Computed expected counts (for bias correction)
[2020-03-03 14:08:34.604] [jointLog] [info] processed bias for 0.0% of the transcripts
[2020-03-03 14:08:34.829] [jointLog] [info] processed bias for 10.0% of the transcripts
[2020-03-03 14:08:35.052] [jointLog] [info] processed bias for 20.0% of the transcripts
[2020-03-03 14:08:35.291] [jointLog] [info] processed bias for 30.0% of the transcripts
[2020-03-03 14:08:35.508] [jointLog] [info] processed bias for 40.0% of the transcripts
[2020-03-03 14:08:35.751] [jointLog] [info] processed bias for 50.0% of the transcripts
[2020-03-03 14:08:36.007] [jointLog] [info] processed bias for 60.0% of the transcripts
[2020-03-03 14:08:36.286] [jointLog] [info] processed bias for 70.0% of the transcripts
[2020-03-03 14:08:36.606] [jointLog] [info] processed bias for 80.0% of the transcripts
[2020-03-03 14:08:36.916] [jointLog] [info] processed bias for 90.0% of the transcripts
[2020-03-03 14:08:37.256] [jointLog] [info] processed bias for 100.0% of the transcripts
[2020-03-03 14:08:37.671] [jointLog] [info] iteration = 100 | max rel diff. = 2.77459e-06
[2020-03-03 14:08:37.675] [jointLog] [info] Finished optimizer
[2020-03-03 14:08:37.675] [jointLog] [info] writing output 

[2020-03-03 14:08:37.791] [jointLog] [warning] NOTE: Read Lib [[ trimmomatic/P11562_137_S34_L001_subset_sortmerna_trimmomatic_1.fq.gz, trimmomatic/P11562_137_S34_L001_subset_sortmerna_trimmomatic_2.fq.gz]] :

Found no concordant and consistent mappings. If this is a paired-end library, are you sure the reads are properly paired? check the file: salmon/P11562_137_S34_L001_subset_sortmerna_trimmomatic/lib_format_counts.json for details

