[2020-03-03 14:09:24.604] [jointLog] [info] Fragment incompatibility prior below threshold.  Incompatible fragments will be ignored.
[2020-03-03 14:09:24.605] [jointLog] [info] Usage of --validateMappings implies use of minScoreFraction. Since not explicitly specified, it is being set to 0.65
[2020-03-03 14:09:24.605] [jointLog] [info] Usage of --validateMappings implies a default consensus slack of 0.2. Setting consensusSlack to 0.35.
[2020-03-03 14:09:24.605] [jointLog] [info] parsing read library format
[2020-03-03 14:09:24.605] [jointLog] [info] There is 1 library.
[2020-03-03 14:09:24.799] [jointLog] [info] Loading pufferfish index
[2020-03-03 14:09:24.799] [jointLog] [info] Loading dense pufferfish index.
[2020-03-03 14:09:25.532] [jointLog] [info] done
[2020-03-03 14:09:25.532] [jointLog] [info] Index contained 66,360 targets
[2020-03-03 14:09:26.045] [jointLog] [info] Number of decoys : 0
[2020-03-03 14:09:28.337] [jointLog] [info] Computed 34,824 rich equivalence classes for further processing
[2020-03-03 14:09:28.337] [jointLog] [info] Counted 69,145 total reads in the equivalence classes 
[2020-03-03 14:09:28.352] [jointLog] [info] Number of mappings discarded because of alignment score : 38,948
[2020-03-03 14:09:28.352] [jointLog] [info] Number of fragments entirely discarded because of alignment score : 16,075
[2020-03-03 14:09:28.352] [jointLog] [info] Number of fragments discarded because they are best-mapped to decoys : 0
[2020-03-03 14:09:28.352] [jointLog] [info] Number of fragments discarded because they have only dovetail (discordant) mappings to valid targets : 0
[2020-03-03 14:09:28.366] [jointLog] [warning] Only 69145 fragments were mapped, but the number of burn-in fragments was set to 5000000.
The effective lengths have been computed using the observed mappings.

[2020-03-03 14:09:28.366] [jointLog] [info] Mapping rate = 74.9206%

[2020-03-03 14:09:28.366] [jointLog] [info] finished quantifyLibrary()
[2020-03-03 14:09:28.367] [jointLog] [info] Starting optimizer
[2020-03-03 14:09:28.426] [jointLog] [info] Marked 0 weighted equivalence classes as degenerate
[2020-03-03 14:09:28.435] [jointLog] [info] iteration = 0 | max rel diff. = 102.201
[2020-03-03 14:09:28.527] [jointLog] [info] iteration 11, adjusting effective lengths to account for biases
[2020-03-03 14:09:28.339] [fileLog] [info] 
At end of round 0
==================
Observed 92291 total fragments (92291 in most recent round)

[2020-03-03 14:09:31.648] [jointLog] [info] Computed expected counts (for bias correction)
[2020-03-03 14:09:31.648] [jointLog] [info] processed bias for 0.1% of the transcripts
[2020-03-03 14:09:31.891] [jointLog] [info] processed bias for 10.0% of the transcripts
[2020-03-03 14:09:32.153] [jointLog] [info] processed bias for 20.0% of the transcripts
[2020-03-03 14:09:32.400] [jointLog] [info] processed bias for 30.0% of the transcripts
[2020-03-03 14:09:32.656] [jointLog] [info] processed bias for 40.0% of the transcripts
[2020-03-03 14:09:32.902] [jointLog] [info] processed bias for 50.0% of the transcripts
[2020-03-03 14:09:33.153] [jointLog] [info] processed bias for 60.0% of the transcripts
[2020-03-03 14:09:33.439] [jointLog] [info] processed bias for 70.0% of the transcripts
[2020-03-03 14:09:33.693] [jointLog] [info] processed bias for 80.1% of the transcripts
[2020-03-03 14:09:34.003] [jointLog] [info] processed bias for 90.0% of the transcripts
[2020-03-03 14:09:34.294] [jointLog] [info] processed bias for 100.0% of the transcripts
[2020-03-03 14:09:34.741] [jointLog] [info] iteration = 100 | max rel diff. = 1.45273
[2020-03-03 14:09:34.796] [jointLog] [info] iteration = 112 | max rel diff. = 0.00158213
[2020-03-03 14:09:34.800] [jointLog] [info] Finished optimizer
[2020-03-03 14:09:34.800] [jointLog] [info] writing output 

[2020-03-03 14:09:34.918] [jointLog] [warning] NOTE: Read Lib [[ trimmomatic/P11562_113_S12_L001_subset_sortmerna_trimmomatic_1.fq.gz, trimmomatic/P11562_113_S12_L001_subset_sortmerna_trimmomatic_2.fq.gz]] :

Found no concordant and consistent mappings. If this is a paired-end library, are you sure the reads are properly paired? check the file: salmon/P11562_113_S12_L001_subset_sortmerna_trimmomatic/lib_format_counts.json for details

