[2020-03-03 14:07:52.191] [jointLog] [info] Fragment incompatibility prior below threshold.  Incompatible fragments will be ignored.
[2020-03-03 14:07:52.191] [jointLog] [info] Usage of --validateMappings implies use of minScoreFraction. Since not explicitly specified, it is being set to 0.65
[2020-03-03 14:07:52.191] [jointLog] [info] Usage of --validateMappings implies a default consensus slack of 0.2. Setting consensusSlack to 0.35.
[2020-03-03 14:07:52.191] [jointLog] [info] parsing read library format
[2020-03-03 14:07:52.191] [jointLog] [info] There is 1 library.
[2020-03-03 14:07:52.379] [jointLog] [info] Loading pufferfish index
[2020-03-03 14:07:52.379] [jointLog] [info] Loading dense pufferfish index.
[2020-03-03 14:07:53.167] [jointLog] [info] done
[2020-03-03 14:07:53.167] [jointLog] [info] Index contained 66,360 targets
[2020-03-03 14:07:53.923] [jointLog] [info] Number of decoys : 0
[2020-03-03 14:07:56.401] [jointLog] [info] Computed 37,118 rich equivalence classes for further processing
[2020-03-03 14:07:56.401] [jointLog] [info] Counted 71,737 total reads in the equivalence classes 
[2020-03-03 14:07:56.417] [jointLog] [info] Number of mappings discarded because of alignment score : 33,243
[2020-03-03 14:07:56.417] [jointLog] [info] Number of fragments entirely discarded because of alignment score : 14,520
[2020-03-03 14:07:56.417] [jointLog] [info] Number of fragments discarded because they are best-mapped to decoys : 0
[2020-03-03 14:07:56.417] [jointLog] [info] Number of fragments discarded because they have only dovetail (discordant) mappings to valid targets : 0
[2020-03-03 14:07:56.429] [jointLog] [warning] Only 71737 fragments were mapped, but the number of burn-in fragments was set to 5000000.
The effective lengths have been computed using the observed mappings.

[2020-03-03 14:07:56.429] [jointLog] [info] Mapping rate = 76.8786%

[2020-03-03 14:07:56.429] [jointLog] [info] finished quantifyLibrary()
[2020-03-03 14:07:56.430] [jointLog] [info] Starting optimizer
[2020-03-03 14:07:56.486] [jointLog] [info] Marked 0 weighted equivalence classes as degenerate
[2020-03-03 14:07:56.495] [jointLog] [info] iteration = 0 | max rel diff. = 106.179
[2020-03-03 14:07:56.588] [jointLog] [info] iteration 11, adjusting effective lengths to account for biases
[2020-03-03 14:07:56.402] [fileLog] [info] 
At end of round 0
==================
Observed 93312 total fragments (93312 in most recent round)

[2020-03-03 14:07:59.697] [jointLog] [info] Computed expected counts (for bias correction)
[2020-03-03 14:07:59.698] [jointLog] [info] processed bias for 0.1% of the transcripts
[2020-03-03 14:07:59.958] [jointLog] [info] processed bias for 10.0% of the transcripts
[2020-03-03 14:08:00.271] [jointLog] [info] processed bias for 20.0% of the transcripts
[2020-03-03 14:08:00.510] [jointLog] [info] processed bias for 30.0% of the transcripts
[2020-03-03 14:08:00.704] [jointLog] [info] processed bias for 40.0% of the transcripts
[2020-03-03 14:08:00.943] [jointLog] [info] processed bias for 50.0% of the transcripts
[2020-03-03 14:08:01.181] [jointLog] [info] processed bias for 60.0% of the transcripts
[2020-03-03 14:08:01.433] [jointLog] [info] processed bias for 70.0% of the transcripts
[2020-03-03 14:08:01.685] [jointLog] [info] processed bias for 80.0% of the transcripts
[2020-03-03 14:08:02.172] [jointLog] [info] processed bias for 90.0% of the transcripts
[2020-03-03 14:08:02.692] [jointLog] [info] processed bias for 100.0% of the transcripts
[2020-03-03 14:08:03.211] [jointLog] [info] iteration = 100 | max rel diff. = 4.58873
[2020-03-03 14:08:03.217] [jointLog] [info] iteration = 102 | max rel diff. = 0.00942532
[2020-03-03 14:08:03.220] [jointLog] [info] Finished optimizer
[2020-03-03 14:08:03.220] [jointLog] [info] writing output 

[2020-03-03 14:08:03.336] [jointLog] [warning] NOTE: Read Lib [[ trimmomatic/P11562_135_S32_L001_subset_sortmerna_trimmomatic_1.fq.gz, trimmomatic/P11562_135_S32_L001_subset_sortmerna_trimmomatic_2.fq.gz]] :

Found no concordant and consistent mappings. If this is a paired-end library, are you sure the reads are properly paired? check the file: salmon/P11562_135_S32_L001_subset_sortmerna_trimmomatic/lib_format_counts.json for details

