[2020-03-03 14:07:26.586] [jointLog] [info] Fragment incompatibility prior below threshold.  Incompatible fragments will be ignored.
[2020-03-03 14:07:26.586] [jointLog] [info] Usage of --validateMappings implies use of minScoreFraction. Since not explicitly specified, it is being set to 0.65
[2020-03-03 14:07:26.586] [jointLog] [info] Usage of --validateMappings implies a default consensus slack of 0.2. Setting consensusSlack to 0.35.
[2020-03-03 14:07:26.586] [jointLog] [info] parsing read library format
[2020-03-03 14:07:26.586] [jointLog] [info] There is 1 library.
[2020-03-03 14:07:26.777] [jointLog] [info] Loading pufferfish index
[2020-03-03 14:07:26.778] [jointLog] [info] Loading dense pufferfish index.
[2020-03-03 14:07:30.259] [jointLog] [info] done
[2020-03-03 14:07:30.259] [jointLog] [info] Index contained 66,360 targets
[2020-03-03 14:07:30.968] [jointLog] [info] Number of decoys : 0
[2020-03-03 14:07:33.394] [jointLog] [info] Computed 36,524 rich equivalence classes for further processing
[2020-03-03 14:07:33.394] [jointLog] [info] Counted 70,091 total reads in the equivalence classes 
[2020-03-03 14:07:33.411] [jointLog] [info] Number of mappings discarded because of alignment score : 36,120
[2020-03-03 14:07:33.411] [jointLog] [info] Number of fragments entirely discarded because of alignment score : 15,218
[2020-03-03 14:07:33.411] [jointLog] [info] Number of fragments discarded because they are best-mapped to decoys : 0
[2020-03-03 14:07:33.411] [jointLog] [info] Number of fragments discarded because they have only dovetail (discordant) mappings to valid targets : 0
[2020-03-03 14:07:33.423] [jointLog] [warning] Only 70091 fragments were mapped, but the number of burn-in fragments was set to 5000000.
The effective lengths have been computed using the observed mappings.

[2020-03-03 14:07:33.423] [jointLog] [info] Mapping rate = 76.2879%

[2020-03-03 14:07:33.423] [jointLog] [info] finished quantifyLibrary()
[2020-03-03 14:07:33.424] [jointLog] [info] Starting optimizer
[2020-03-03 14:07:33.481] [jointLog] [info] Marked 0 weighted equivalence classes as degenerate
[2020-03-03 14:07:33.490] [jointLog] [info] iteration = 0 | max rel diff. = 104.185
[2020-03-03 14:07:33.586] [jointLog] [info] iteration 11, adjusting effective lengths to account for biases
[2020-03-03 14:07:33.396] [fileLog] [info] 
At end of round 0
==================
Observed 91877 total fragments (91877 in most recent round)

[2020-03-03 14:07:36.911] [jointLog] [info] Computed expected counts (for bias correction)
[2020-03-03 14:07:36.911] [jointLog] [info] processed bias for 0.0% of the transcripts
[2020-03-03 14:07:37.223] [jointLog] [info] processed bias for 10.0% of the transcripts
[2020-03-03 14:07:37.556] [jointLog] [info] processed bias for 20.0% of the transcripts
[2020-03-03 14:07:37.849] [jointLog] [info] processed bias for 30.0% of the transcripts
[2020-03-03 14:07:38.118] [jointLog] [info] processed bias for 40.0% of the transcripts
[2020-03-03 14:07:38.304] [jointLog] [info] processed bias for 50.0% of the transcripts
[2020-03-03 14:07:38.538] [jointLog] [info] processed bias for 60.0% of the transcripts
[2020-03-03 14:07:38.821] [jointLog] [info] processed bias for 70.0% of the transcripts
[2020-03-03 14:07:39.147] [jointLog] [info] processed bias for 80.0% of the transcripts
[2020-03-03 14:07:39.523] [jointLog] [info] processed bias for 90.0% of the transcripts
[2020-03-03 14:07:39.861] [jointLog] [info] processed bias for 100.0% of the transcripts
[2020-03-03 14:07:40.464] [jointLog] [info] iteration = 100 | max rel diff. = 0.0199335
[2020-03-03 14:07:40.630] [jointLog] [info] iteration = 128 | max rel diff. = 0.00053279
[2020-03-03 14:07:40.638] [jointLog] [info] Finished optimizer
[2020-03-03 14:07:40.638] [jointLog] [info] writing output 

[2020-03-03 14:07:40.762] [jointLog] [warning] NOTE: Read Lib [[ trimmomatic/P11562_139_S36_L001_subset_sortmerna_trimmomatic_1.fq.gz, trimmomatic/P11562_139_S36_L001_subset_sortmerna_trimmomatic_2.fq.gz]] :

Found no concordant and consistent mappings. If this is a paired-end library, are you sure the reads are properly paired? check the file: salmon/P11562_139_S36_L001_subset_sortmerna_trimmomatic/lib_format_counts.json for details

