[2020-03-03 14:07:42.388] [jointLog] [info] Fragment incompatibility prior below threshold.  Incompatible fragments will be ignored.
[2020-03-03 14:07:42.388] [jointLog] [info] Usage of --validateMappings implies use of minScoreFraction. Since not explicitly specified, it is being set to 0.65
[2020-03-03 14:07:42.388] [jointLog] [info] Usage of --validateMappings implies a default consensus slack of 0.2. Setting consensusSlack to 0.35.
[2020-03-03 14:07:42.388] [jointLog] [info] parsing read library format
[2020-03-03 14:07:42.388] [jointLog] [info] There is 1 library.
[2020-03-03 14:07:42.575] [jointLog] [info] Loading pufferfish index
[2020-03-03 14:07:42.575] [jointLog] [info] Loading dense pufferfish index.
[2020-03-03 14:07:43.440] [jointLog] [info] done
[2020-03-03 14:07:43.440] [jointLog] [info] Index contained 66,360 targets
[2020-03-03 14:07:44.182] [jointLog] [info] Number of decoys : 0
[2020-03-03 14:07:46.515] [fileLog] [info] 
At end of round 0
==================
Observed 94474 total fragments (94474 in most recent round)

[2020-03-03 14:07:46.514] [jointLog] [info] Computed 31,920 rich equivalence classes for further processing
[2020-03-03 14:07:46.514] [jointLog] [info] Counted 77,730 total reads in the equivalence classes 
[2020-03-03 14:07:46.530] [jointLog] [info] Number of mappings discarded because of alignment score : 55,913
[2020-03-03 14:07:46.530] [jointLog] [info] Number of fragments entirely discarded because of alignment score : 14,059
[2020-03-03 14:07:46.530] [jointLog] [info] Number of fragments discarded because they are best-mapped to decoys : 0
[2020-03-03 14:07:46.530] [jointLog] [info] Number of fragments discarded because they have only dovetail (discordant) mappings to valid targets : 16
[2020-03-03 14:07:46.543] [jointLog] [warning] Only 77730 fragments were mapped, but the number of burn-in fragments was set to 5000000.
The effective lengths have been computed using the observed mappings.

[2020-03-03 14:07:46.543] [jointLog] [info] Mapping rate = 82.2766%

[2020-03-03 14:07:46.543] [jointLog] [info] finished quantifyLibrary()
[2020-03-03 14:07:46.544] [jointLog] [info] Starting optimizer
[2020-03-03 14:07:46.596] [jointLog] [info] Marked 0 weighted equivalence classes as degenerate
[2020-03-03 14:07:46.606] [jointLog] [info] iteration = 0 | max rel diff. = 115.023
[2020-03-03 14:07:46.696] [jointLog] [info] iteration 11, adjusting effective lengths to account for biases
[2020-03-03 14:07:48.893] [jointLog] [info] Computed expected counts (for bias correction)
[2020-03-03 14:07:48.894] [jointLog] [info] processed bias for 0.1% of the transcripts
[2020-03-03 14:07:49.030] [jointLog] [info] processed bias for 10.0% of the transcripts
[2020-03-03 14:07:49.168] [jointLog] [info] processed bias for 20.0% of the transcripts
[2020-03-03 14:07:49.298] [jointLog] [info] processed bias for 30.0% of the transcripts
[2020-03-03 14:07:49.428] [jointLog] [info] processed bias for 40.0% of the transcripts
[2020-03-03 14:07:49.566] [jointLog] [info] processed bias for 50.0% of the transcripts
[2020-03-03 14:07:49.735] [jointLog] [info] processed bias for 60.0% of the transcripts
[2020-03-03 14:07:49.948] [jointLog] [info] processed bias for 70.0% of the transcripts
[2020-03-03 14:07:50.189] [jointLog] [info] processed bias for 80.0% of the transcripts
[2020-03-03 14:07:50.444] [jointLog] [info] processed bias for 90.0% of the transcripts
[2020-03-03 14:07:50.688] [jointLog] [info] processed bias for 100.0% of the transcripts
[2020-03-03 14:07:51.124] [jointLog] [info] iteration = 100 | max rel diff. = 0.0147843
[2020-03-03 14:07:51.355] [jointLog] [info] iteration = 149 | max rel diff. = 0.00166878
[2020-03-03 14:07:51.359] [jointLog] [info] Finished optimizer
[2020-03-03 14:07:51.359] [jointLog] [info] writing output 

[2020-03-03 14:07:51.474] [jointLog] [warning] NOTE: Read Lib [[ trimmomatic/P11562_110_S9_L001_subset_sortmerna_trimmomatic_1.fq.gz, trimmomatic/P11562_110_S9_L001_subset_sortmerna_trimmomatic_2.fq.gz]] :

Detected a *potential* strand bias > 1% in an unstranded protocol check the file: salmon/P11562_110_S9_L001_subset_sortmerna_trimmomatic/lib_format_counts.json for details

