[2020-03-03 14:08:58.717] [jointLog] [info] Fragment incompatibility prior below threshold.  Incompatible fragments will be ignored.
[2020-03-03 14:08:58.717] [jointLog] [info] Usage of --validateMappings implies use of minScoreFraction. Since not explicitly specified, it is being set to 0.65
[2020-03-03 14:08:58.717] [jointLog] [info] Usage of --validateMappings implies a default consensus slack of 0.2. Setting consensusSlack to 0.35.
[2020-03-03 14:08:58.717] [jointLog] [info] parsing read library format
[2020-03-03 14:08:58.717] [jointLog] [info] There is 1 library.
[2020-03-03 14:08:58.907] [jointLog] [info] Loading pufferfish index
[2020-03-03 14:08:58.907] [jointLog] [info] Loading dense pufferfish index.
[2020-03-03 14:08:59.676] [jointLog] [info] done
[2020-03-03 14:08:59.676] [jointLog] [info] Index contained 66,360 targets
[2020-03-03 14:09:00.427] [jointLog] [info] Number of decoys : 0
[2020-03-03 14:09:00.602] [jointLog] [info] Computed 107 rich equivalence classes for further processing
[2020-03-03 14:09:00.602] [jointLog] [info] Counted 114 total reads in the equivalence classes 
[2020-03-03 14:09:00.627] [jointLog] [info] Number of mappings discarded because of alignment score : 233
[2020-03-03 14:09:00.627] [jointLog] [info] Number of fragments entirely discarded because of alignment score : 53
[2020-03-03 14:09:00.627] [jointLog] [info] Number of fragments discarded because they are best-mapped to decoys : 0
[2020-03-03 14:09:00.627] [jointLog] [info] Number of fragments discarded because they have only dovetail (discordant) mappings to valid targets : 0
[2020-03-03 14:09:00.634] [jointLog] [warning] Only 114 fragments were mapped, but the number of burn-in fragments was set to 5000000.
The effective lengths have been computed using the observed mappings.

[2020-03-03 14:09:00.634] [jointLog] [info] Mapping rate = 24.622%

[2020-03-03 14:09:00.634] [jointLog] [info] finished quantifyLibrary()
[2020-03-03 14:09:00.635] [jointLog] [info] Starting optimizer
[2020-03-03 14:09:00.659] [jointLog] [info] Marked 0 weighted equivalence classes as degenerate
[2020-03-03 14:09:00.663] [jointLog] [info] iteration = 0 | max rel diff. = 0.999568
[2020-03-03 14:09:00.687] [jointLog] [info] iteration 7, adjusting effective lengths to account for biases
[2020-03-03 14:09:00.737] [jointLog] [info] Computed expected counts (for bias correction)
[2020-03-03 14:09:00.738] [jointLog] [info] processed bias for 3.7% of the transcripts
[2020-03-03 14:09:00.742] [jointLog] [info] processed bias for 11.3% of the transcripts
[2020-03-03 14:09:00.746] [jointLog] [info] processed bias for 20.3% of the transcripts
[2020-03-03 14:09:00.755] [jointLog] [info] processed bias for 32.8% of the transcripts
[2020-03-03 14:09:00.761] [jointLog] [info] processed bias for 40.8% of the transcripts
[2020-03-03 14:09:00.769] [jointLog] [info] processed bias for 51.2% of the transcripts
[2020-03-03 14:09:00.780] [jointLog] [info] processed bias for 60.3% of the transcripts
[2020-03-03 14:09:00.787] [jointLog] [info] processed bias for 70.5% of the transcripts
[2020-03-03 14:09:00.795] [jointLog] [info] processed bias for 82.5% of the transcripts
[2020-03-03 14:09:00.801] [jointLog] [info] processed bias for 90.0% of the transcripts
[2020-03-03 14:09:00.827] [jointLog] [info] processed bias for 100.0% of the transcripts
[2020-03-03 14:09:00.602] [fileLog] [info] 
At end of round 0
==================
Observed 463 total fragments (463 in most recent round)

[2020-03-03 14:09:01.147] [jointLog] [info] iteration = 100 | max rel diff. = 0
[2020-03-03 14:09:01.150] [jointLog] [info] Finished optimizer
[2020-03-03 14:09:01.150] [jointLog] [info] writing output 

[2020-03-03 14:09:01.261] [jointLog] [warning] NOTE: Read Lib [[ trimmomatic/P11562_112_S11_L001_subset_sortmerna_trimmomatic_1.fq.gz, trimmomatic/P11562_112_S11_L001_subset_sortmerna_trimmomatic_2.fq.gz]] :

Found no concordant and consistent mappings. If this is a paired-end library, are you sure the reads are properly paired? check the file: salmon/P11562_112_S11_L001_subset_sortmerna_trimmomatic/lib_format_counts.json for details

