[2020-03-03 14:09:35.909] [jointLog] [info] Fragment incompatibility prior below threshold.  Incompatible fragments will be ignored.
[2020-03-03 14:09:35.910] [jointLog] [info] Usage of --validateMappings implies use of minScoreFraction. Since not explicitly specified, it is being set to 0.65
[2020-03-03 14:09:35.910] [jointLog] [info] Usage of --validateMappings implies a default consensus slack of 0.2. Setting consensusSlack to 0.35.
[2020-03-03 14:09:35.910] [jointLog] [info] parsing read library format
[2020-03-03 14:09:35.910] [jointLog] [info] There is 1 library.
[2020-03-03 14:09:36.102] [jointLog] [info] Loading pufferfish index
[2020-03-03 14:09:36.103] [jointLog] [info] Loading dense pufferfish index.
[2020-03-03 14:09:36.805] [jointLog] [info] done
[2020-03-03 14:09:36.805] [jointLog] [info] Index contained 66,360 targets
[2020-03-03 14:09:37.484] [jointLog] [info] Number of decoys : 0
[2020-03-03 14:09:39.743] [fileLog] [info] 
At end of round 0
==================
Observed 94734 total fragments (94734 in most recent round)

[2020-03-03 14:09:39.742] [jointLog] [info] Computed 37,134 rich equivalence classes for further processing
[2020-03-03 14:09:39.742] [jointLog] [info] Counted 74,031 total reads in the equivalence classes 
[2020-03-03 14:09:39.758] [jointLog] [info] Number of mappings discarded because of alignment score : 36,484
[2020-03-03 14:09:39.758] [jointLog] [info] Number of fragments entirely discarded because of alignment score : 14,665
[2020-03-03 14:09:39.758] [jointLog] [info] Number of fragments discarded because they are best-mapped to decoys : 0
[2020-03-03 14:09:39.758] [jointLog] [info] Number of fragments discarded because they have only dovetail (discordant) mappings to valid targets : 0
[2020-03-03 14:09:39.771] [jointLog] [warning] Only 74031 fragments were mapped, but the number of burn-in fragments was set to 5000000.
The effective lengths have been computed using the observed mappings.

[2020-03-03 14:09:39.771] [jointLog] [info] Mapping rate = 78.1462%

[2020-03-03 14:09:39.771] [jointLog] [info] finished quantifyLibrary()
[2020-03-03 14:09:39.772] [jointLog] [info] Starting optimizer
[2020-03-03 14:09:39.828] [jointLog] [info] Marked 0 weighted equivalence classes as degenerate
[2020-03-03 14:09:39.837] [jointLog] [info] iteration = 0 | max rel diff. = 109.882
[2020-03-03 14:09:39.915] [jointLog] [info] iteration 11, adjusting effective lengths to account for biases
[2020-03-03 14:09:42.561] [jointLog] [info] Computed expected counts (for bias correction)
[2020-03-03 14:09:42.561] [jointLog] [info] processed bias for 0.0% of the transcripts
[2020-03-03 14:09:42.782] [jointLog] [info] processed bias for 10.0% of the transcripts
[2020-03-03 14:09:43.075] [jointLog] [info] processed bias for 20.0% of the transcripts
[2020-03-03 14:09:43.289] [jointLog] [info] processed bias for 30.0% of the transcripts
[2020-03-03 14:09:43.506] [jointLog] [info] processed bias for 40.0% of the transcripts
[2020-03-03 14:09:43.723] [jointLog] [info] processed bias for 50.0% of the transcripts
[2020-03-03 14:09:43.967] [jointLog] [info] processed bias for 60.0% of the transcripts
[2020-03-03 14:09:44.228] [jointLog] [info] processed bias for 70.0% of the transcripts
[2020-03-03 14:09:44.437] [jointLog] [info] processed bias for 80.0% of the transcripts
[2020-03-03 14:09:44.639] [jointLog] [info] processed bias for 90.0% of the transcripts
[2020-03-03 14:09:44.835] [jointLog] [info] processed bias for 100.0% of the transcripts
[2020-03-03 14:09:45.279] [jointLog] [info] iteration = 100 | max rel diff. = 0.0830862
[2020-03-03 14:09:45.336] [jointLog] [info] iteration = 113 | max rel diff. = 0.0016337
[2020-03-03 14:09:45.340] [jointLog] [info] Finished optimizer
[2020-03-03 14:09:45.340] [jointLog] [info] writing output 

[2020-03-03 14:09:45.456] [jointLog] [warning] NOTE: Read Lib [[ trimmomatic/P11562_138_S35_L001_subset_sortmerna_trimmomatic_1.fq.gz, trimmomatic/P11562_138_S35_L001_subset_sortmerna_trimmomatic_2.fq.gz]] :

Found no concordant and consistent mappings. If this is a paired-end library, are you sure the reads are properly paired? check the file: salmon/P11562_138_S35_L001_subset_sortmerna_trimmomatic/lib_format_counts.json for details

